#
# There is insufficient memory for the Java Runtime Environment to continue.
# Native memory allocation (mmap) failed to map 208666624 bytes for G1 virtual space
# Possible reasons:
#   The system is out of physical RAM or swap space
#   The process is running with CompressedOops enabled, and the Java Heap may be blocking the growth of the native heap
# Possible solutions:
#   Reduce memory load on the system
#   Increase physical memory or swap space
#   Check if swap backing store is full
#   Decrease Java heap size (-Xmx/-Xms)
#   Decrease number of Java threads
#   Decrease Java thread stack sizes (-Xss)
#   Set larger code cache with -XX:ReservedCodeCacheSize=
#   JVM is running with Unscaled Compressed Oops mode in which the Java heap is
#     placed in the first 4GB address space. The Java Heap base address is the
#     maximum limit for the native heap growth. Please use -XX:HeapBaseMinAddress
#     to set the Java Heap base and to place the Java Heap above 4GB virtual address.
# This output file may be truncated or incomplete.
#
#  Out of Memory Error (os_windows.cpp:3769), pid=13888, tid=9444
#
# JRE version: OpenJDK Runtime Environment (17.0.6) (build 17.0.6+0-b2043.56-10027231)
# Java VM: OpenJDK 64-Bit Server VM (17.0.6+0-b2043.56-10027231, mixed mode, tiered, compressed oops, compressed class ptrs, g1 gc, windows-amd64)
# No core dump will be written. Minidumps are not enabled by default on client versions of Windows
#

---------------  S U M M A R Y ------------

Command Line: --add-opens=java.base/java.util=ALL-UNNAMED --add-opens=java.base/java.lang=ALL-UNNAMED --add-opens=java.base/java.lang.invoke=ALL-UNNAMED --add-opens=java.prefs/java.util.prefs=ALL-UNNAMED --add-opens=java.base/java.nio.charset=ALL-UNNAMED --add-opens=java.base/java.net=ALL-UNNAMED --add-opens=java.base/java.util.concurrent.atomic=ALL-UNNAMED -Xmx2048m -Dfile.encoding=UTF-8 -Duser.country=KR -Duser.language=ko -Duser.variant org.gradle.launcher.daemon.bootstrap.GradleDaemon 8.0

Host: Intel(R) Core(TM) i5-6400 CPU @ 2.70GHz, 4 cores, 3G,  Windows 10 , 64 bit Build 19041 (10.0.19041.3155)
Time: Sun Sep  3 14:21:36 2023  Windows 10 , 64 bit Build 19041 (10.0.19041.3155) elapsed time: 27.963671 seconds (0d 0h 0m 27s)

---------------  T H R E A D  ---------------

Current thread (0x00000156a176fe50):  VMThread "VM Thread" [stack: 0x0000002830700000,0x0000002830800000] [id=9444]

Stack: [0x0000002830700000,0x0000002830800000]
Native frames: (J=compiled Java code, j=interpreted, Vv=VM code, C=native code)
V  [jvm.dll+0x683c9a]
V  [jvm.dll+0x8427a4]
V  [jvm.dll+0x843f9e]
V  [jvm.dll+0x844603]
V  [jvm.dll+0x249b75]
V  [jvm.dll+0x680b69]
V  [jvm.dll+0x67505a]
V  [jvm.dll+0x309acb]
V  [jvm.dll+0x310f86]
V  [jvm.dll+0x3608ee]
V  [jvm.dll+0x360b1f]
V  [jvm.dll+0x2dfbf8]
V  [jvm.dll+0x2ddec4]
V  [jvm.dll+0x2dd4cc]
V  [jvm.dll+0x321f3b]
V  [jvm.dll+0x848ccb]
V  [jvm.dll+0x849a04]
V  [jvm.dll+0x849f1d]
V  [jvm.dll+0x84a2f4]
V  [jvm.dll+0x84a3c0]
V  [jvm.dll+0x7f274a]
V  [jvm.dll+0x682ad5]
C  [ucrtbase.dll+0x21bb2]
C  [KERNEL32.DLL+0x17614]
C  [ntdll.dll+0x526b1]

VM_Operation (0x00000028364fe2a0): G1CollectForAllocation, mode: safepoint, requested by thread 0x00000156a9560590


---------------  P R O C E S S  ---------------

Threads class SMR info:
_java_thread_list=0x00000156a9377720, length=93, elements={
0x00000156881da9e0, 0x00000156a1776630, 0x00000156a17a8c70, 0x00000156a17e6440,
0x00000156a17e6a10, 0x00000156a20a97a0, 0x00000156a20a9c70, 0x00000156a20ab000,
0x00000156a20b15b0, 0x00000156a20cfda0, 0x00000156a2226420, 0x00000156a222ed20,
0x00000156a3b9f630, 0x00000156a3acc450, 0x00000156a49fc040, 0x00000156a4e19810,
0x00000156a352b5c0, 0x00000156a4899640, 0x00000156a312ac30, 0x00000156a324fba0,
0x00000156a324cb80, 0x00000156a324f200, 0x00000156a324d050, 0x00000156a324c6b0,
0x00000156a324d520, 0x00000156a324f6d0, 0x00000156a324d9f0, 0x00000156a324dec0,
0x00000156a324e390, 0x00000156a324e860, 0x00000156a324ed30, 0x00000156a3250070,
0x00000156a5a8da80, 0x00000156a5a8df50, 0x00000156a5a8f760, 0x00000156a5a91de0,
0x00000156a5a8e8f0, 0x00000156a5a8edc0, 0x00000156a5a922b0, 0x00000156a5a8f290,
0x00000156a5a92c50, 0x00000156a5a8b400, 0x00000156a5a8c270, 0x00000156a5a90100,
0x00000156a5a8b8d0, 0x00000156a5a8c740, 0x00000156a5a905d0, 0x00000156a5a90aa0,
0x00000156a5a8cc10, 0x00000156a5a8d0e0, 0x00000156a5a8d5b0, 0x00000156a4d07070,
0x00000156a4d096f0, 0x00000156a4d0da50, 0x00000156a4d09bc0, 0x00000156a4d0bd70,
0x00000156a4d0d0b0, 0x00000156a4d0cbe0, 0x00000156a4d07ee0, 0x00000156a4d0a090,
0x00000156a4d0b8a0, 0x00000156a4d0a560, 0x00000156a4d0df20, 0x00000156a4d08880,
0x00000156a4d0aa30, 0x00000156a4d09220, 0x00000156a4d0af00, 0x00000156a4d083b0,
0x00000156a4d0b3d0, 0x00000156a4d0c240, 0x00000156a4d0c710, 0x00000156a4d0d580,
0x00000156a4d0e3f0, 0x00000156a4d0e8c0, 0x00000156a4d07540, 0x00000156a4d07a10,
0x00000156a4d08d50, 0x00000156a4cc60b0, 0x00000156a4cc7d90, 0x00000156a4cca8e0,
0x00000156a4cc95a0, 0x00000156a4cc9a70, 0x00000156a4ccbc20, 0x00000156a4ccc5c0,
0x00000156a4cc8c00, 0x00000156a4ccadb0, 0x00000156a4ccb280, 0x00000156a4cc78c0,
0x00000156a9560590, 0x00000156a955ed80, 0x00000156a955f250, 0x00000156a955fbf0,
0x00000156a95600c0
}

Java Threads: ( => current thread )
  0x00000156881da9e0 JavaThread "main" [_thread_blocked, id=15744, stack(0x0000002830100000,0x0000002830200000)]
  0x00000156a1776630 JavaThread "Reference Handler" daemon [_thread_blocked, id=12072, stack(0x0000002830800000,0x0000002830900000)]
  0x00000156a17a8c70 JavaThread "Finalizer" daemon [_thread_blocked, id=8964, stack(0x0000002830900000,0x0000002830a00000)]
  0x00000156a17e6440 JavaThread "Signal Dispatcher" daemon [_thread_blocked, id=10576, stack(0x0000002830a00000,0x0000002830b00000)]
  0x00000156a17e6a10 JavaThread "Attach Listener" daemon [_thread_blocked, id=10428, stack(0x0000002830b00000,0x0000002830c00000)]
  0x00000156a20a97a0 JavaThread "Service Thread" daemon [_thread_blocked, id=4744, stack(0x0000002830c00000,0x0000002830d00000)]
  0x00000156a20a9c70 JavaThread "Monitor Deflation Thread" daemon [_thread_blocked, id=10108, stack(0x0000002830d00000,0x0000002830e00000)]
  0x00000156a20ab000 JavaThread "C2 CompilerThread0" daemon [_thread_in_native, id=14140, stack(0x0000002830e00000,0x0000002830f00000)]
  0x00000156a20b15b0 JavaThread "C1 CompilerThread0" daemon [_thread_blocked, id=9272, stack(0x0000002830f00000,0x0000002831000000)]
  0x00000156a20cfda0 JavaThread "Sweeper thread" daemon [_thread_blocked, id=22356, stack(0x0000002831000000,0x0000002831100000)]
  0x00000156a2226420 JavaThread "Common-Cleaner" daemon [_thread_blocked, id=16252, stack(0x0000002831100000,0x0000002831200000)]
  0x00000156a222ed20 JavaThread "Notification Thread" daemon [_thread_blocked, id=14872, stack(0x0000002831200000,0x0000002831300000)]
  0x00000156a3b9f630 JavaThread "Daemon health stats" [_thread_blocked, id=5888, stack(0x0000002831700000,0x0000002831800000)]
  0x00000156a3acc450 JavaThread "Incoming local TCP Connector on port 56769" [_thread_in_native, id=18708, stack(0x0000002831800000,0x0000002831900000)]
  0x00000156a49fc040 JavaThread "Daemon periodic checks" [_thread_blocked, id=21348, stack(0x0000002831900000,0x0000002831a00000)]
  0x00000156a4e19810 JavaThread "Daemon" [_thread_blocked, id=21048, stack(0x0000002831a00000,0x0000002831b00000)]
  0x00000156a352b5c0 JavaThread "Handler for socket connection from /127.0.0.1:56769 to /127.0.0.1:56770" [_thread_in_native, id=15560, stack(0x0000002831b00000,0x0000002831c00000)]
  0x00000156a4899640 JavaThread "Cancel handler" [_thread_blocked, id=1780, stack(0x0000002831c00000,0x0000002831d00000)]
  0x00000156a312ac30 JavaThread "Daemon worker" [_thread_blocked, id=21804, stack(0x0000002831d00000,0x0000002831e00000)]
  0x00000156a324fba0 JavaThread "Asynchronous log dispatcher for DefaultDaemonConnection: socket connection from /127.0.0.1:56769 to /127.0.0.1:56770" [_thread_blocked, id=1876, stack(0x0000002831e00000,0x0000002831f00000)]
  0x00000156a324cb80 JavaThread "Stdin handler" [_thread_blocked, id=15104, stack(0x0000002831f00000,0x0000002832000000)]
  0x00000156a324f200 JavaThread "Daemon client event forwarder" [_thread_blocked, id=12840, stack(0x0000002832000000,0x0000002832100000)]
  0x00000156a324d050 JavaThread "Cache worker for journal cache (C:\Users\user\.gradle\caches\journal-1)" [_thread_blocked, id=8692, stack(0x0000002832100000,0x0000002832200000)]
  0x00000156a324c6b0 JavaThread "File lock request listener" [_thread_in_native, id=10856, stack(0x0000002832200000,0x0000002832300000)]
  0x00000156a324d520 JavaThread "Cache worker for file hash cache (C:\Users\user\.gradle\caches\8.0\fileHashes)" [_thread_blocked, id=18040, stack(0x0000002832300000,0x0000002832400000)]
  0x00000156a324f6d0 JavaThread "File watcher server" daemon [_thread_blocked, id=536, stack(0x0000002832400000,0x0000002832500000)]
  0x00000156a324d9f0 JavaThread "File watcher consumer" daemon [_thread_blocked, id=4252, stack(0x0000002832500000,0x0000002832600000)]
  0x00000156a324dec0 JavaThread "Cache worker for checksums cache (C:\Users\user\AndroidStudioProjects\HelloKids\.gradle\8.0\checksums)" [_thread_blocked, id=17692, stack(0x0000002832600000,0x0000002832700000)]
  0x00000156a324e390 JavaThread "Cache worker for cache directory md-rule (C:\Users\user\.gradle\caches\8.0\md-rule)" [_thread_blocked, id=15496, stack(0x0000002832700000,0x0000002832800000)]
  0x00000156a324e860 JavaThread "Cache worker for file content cache (C:\Users\user\.gradle\caches\8.0\fileContent)" [_thread_blocked, id=22468, stack(0x0000002832800000,0x0000002832900000)]
  0x00000156a324ed30 JavaThread "Cache worker for file hash cache (C:\Users\user\AndroidStudioProjects\HelloKids\.gradle\8.0\fileHashes)" [_thread_blocked, id=10488, stack(0x0000002832900000,0x0000002832a00000)]
  0x00000156a3250070 JavaThread "Cache worker for cache directory md-supplier (C:\Users\user\.gradle\caches\8.0\md-supplier)" [_thread_blocked, id=2216, stack(0x0000002832a00000,0x0000002832b00000)]
  0x00000156a5a8da80 JavaThread "Cache worker for execution history cache (C:\Users\user\.gradle\caches\8.0\executionHistory)" [_thread_blocked, id=14128, stack(0x0000002832b00000,0x0000002832c00000)]
  0x00000156a5a8df50 JavaThread "jar transforms" [_thread_blocked, id=20112, stack(0x0000002832d00000,0x0000002832e00000)]
  0x00000156a5a8f760 JavaThread "jar transforms Thread 2" [_thread_blocked, id=19708, stack(0x0000002832e00000,0x0000002832f00000)]
  0x00000156a5a91de0 JavaThread "jar transforms Thread 3" [_thread_blocked, id=16636, stack(0x0000002832f00000,0x0000002833000000)]
  0x00000156a5a8e8f0 JavaThread "jar transforms Thread 4" [_thread_blocked, id=14920, stack(0x0000002833000000,0x0000002833100000)]
  0x00000156a5a8edc0 JavaThread "Cache worker for dependencies-accessors (C:\Users\user\AndroidStudioProjects\HelloKids\.gradle\8.0\dependencies-accessors)" [_thread_blocked, id=14196, stack(0x0000002833100000,0x0000002833200000)]
  0x00000156a5a922b0 JavaThread "Cache worker for Build Output Cleanup Cache (C:\Users\user\AndroidStudioProjects\HelloKids\.gradle\buildOutputCleanup)" [_thread_blocked, id=6860, stack(0x0000002833200000,0x0000002833300000)]
  0x00000156a5a8f290 JavaThread "Unconstrained build operations" [_thread_blocked, id=17888, stack(0x0000002833300000,0x0000002833400000)]
  0x00000156a5a92c50 JavaThread "Unconstrained build operations Thread 2" [_thread_blocked, id=14368, stack(0x0000002833400000,0x0000002833500000)]
  0x00000156a5a8b400 JavaThread "Unconstrained build operations Thread 3" [_thread_blocked, id=16600, stack(0x0000002833500000,0x0000002833600000)]
  0x00000156a5a8c270 JavaThread "Unconstrained build operations Thread 4" [_thread_blocked, id=3600, stack(0x0000002833600000,0x0000002833700000)]
  0x00000156a5a90100 JavaThread "Unconstrained build operations Thread 5" [_thread_blocked, id=11052, stack(0x0000002833700000,0x0000002833800000)]
  0x00000156a5a8b8d0 JavaThread "Unconstrained build operations Thread 6" [_thread_blocked, id=14912, stack(0x0000002833800000,0x0000002833900000)]
  0x00000156a5a8c740 JavaThread "Unconstrained build operations Thread 7" [_thread_blocked, id=3812, stack(0x0000002833900000,0x0000002833a00000)]
  0x00000156a5a905d0 JavaThread "Unconstrained build operations Thread 8" [_thread_blocked, id=17176, stack(0x0000002833a00000,0x0000002833b00000)]
  0x00000156a5a90aa0 JavaThread "Unconstrained build operations Thread 9" [_thread_blocked, id=8232, stack(0x0000002833b00000,0x0000002833c00000)]
  0x00000156a5a8cc10 JavaThread "Unconstrained build operations Thread 10" [_thread_blocked, id=21932, stack(0x0000002833c00000,0x0000002833d00000)]
  0x00000156a5a8d0e0 JavaThread "Unconstrained build operations Thread 11" [_thread_blocked, id=2660, stack(0x0000002833d00000,0x0000002833e00000)]
  0x00000156a5a8d5b0 JavaThread "Unconstrained build operations Thread 12" [_thread_blocked, id=7880, stack(0x0000002833e00000,0x0000002833f00000)]
  0x00000156a4d07070 JavaThread "Unconstrained build operations Thread 13" [_thread_blocked, id=14644, stack(0x0000002833f00000,0x0000002834000000)]
  0x00000156a4d096f0 JavaThread "Unconstrained build operations Thread 14" [_thread_blocked, id=21472, stack(0x0000002834000000,0x0000002834100000)]
  0x00000156a4d0da50 JavaThread "Unconstrained build operations Thread 15" [_thread_blocked, id=15260, stack(0x0000002834100000,0x0000002834200000)]
  0x00000156a4d09bc0 JavaThread "Unconstrained build operations Thread 16" [_thread_blocked, id=19016, stack(0x0000002834200000,0x0000002834300000)]
  0x00000156a4d0bd70 JavaThread "Unconstrained build operations Thread 17" [_thread_blocked, id=17552, stack(0x0000002834300000,0x0000002834400000)]
  0x00000156a4d0d0b0 JavaThread "Unconstrained build operations Thread 18" [_thread_blocked, id=17548, stack(0x0000002834400000,0x0000002834500000)]
  0x00000156a4d0cbe0 JavaThread "Unconstrained build operations Thread 19" [_thread_blocked, id=11380, stack(0x0000002834500000,0x0000002834600000)]
  0x00000156a4d07ee0 JavaThread "Unconstrained build operations Thread 20" [_thread_blocked, id=5156, stack(0x0000002834600000,0x0000002834700000)]
  0x00000156a4d0a090 JavaThread "Unconstrained build operations Thread 21" [_thread_blocked, id=13628, stack(0x0000002834700000,0x0000002834800000)]
  0x00000156a4d0b8a0 JavaThread "Unconstrained build operations Thread 22" [_thread_blocked, id=19152, stack(0x0000002834800000,0x0000002834900000)]
  0x00000156a4d0a560 JavaThread "Unconstrained build operations Thread 23" [_thread_blocked, id=8272, stack(0x0000002834900000,0x0000002834a00000)]
  0x00000156a4d0df20 JavaThread "Unconstrained build operations Thread 24" [_thread_blocked, id=17488, stack(0x0000002834a00000,0x0000002834b00000)]
  0x00000156a4d08880 JavaThread "Unconstrained build operations Thread 25" [_thread_blocked, id=1632, stack(0x0000002834b00000,0x0000002834c00000)]
  0x00000156a4d0aa30 JavaThread "Unconstrained build operations Thread 26" [_thread_blocked, id=22472, stack(0x0000002834c00000,0x0000002834d00000)]
  0x00000156a4d09220 JavaThread "Unconstrained build operations Thread 27" [_thread_blocked, id=19492, stack(0x0000002834d00000,0x0000002834e00000)]
  0x00000156a4d0af00 JavaThread "Unconstrained build operations Thread 28" [_thread_blocked, id=19184, stack(0x0000002834e00000,0x0000002834f00000)]
  0x00000156a4d083b0 JavaThread "Unconstrained build operations Thread 29" [_thread_blocked, id=18788, stack(0x0000002834f00000,0x0000002835000000)]
  0x00000156a4d0b3d0 JavaThread "Unconstrained build operations Thread 30" [_thread_blocked, id=9960, stack(0x0000002835000000,0x0000002835100000)]
  0x00000156a4d0c240 JavaThread "Unconstrained build operations Thread 31" [_thread_blocked, id=21772, stack(0x0000002835100000,0x0000002835200000)]
  0x00000156a4d0c710 JavaThread "Unconstrained build operations Thread 32" [_thread_blocked, id=21796, stack(0x0000002835200000,0x0000002835300000)]
  0x00000156a4d0d580 JavaThread "Unconstrained build operations Thread 33" [_thread_blocked, id=2136, stack(0x0000002835300000,0x0000002835400000)]
  0x00000156a4d0e3f0 JavaThread "Unconstrained build operations Thread 34" [_thread_blocked, id=14820, stack(0x0000002835400000,0x0000002835500000)]
  0x00000156a4d0e8c0 JavaThread "Unconstrained build operations Thread 35" [_thread_blocked, id=13252, stack(0x0000002835500000,0x0000002835600000)]
  0x00000156a4d07540 JavaThread "Unconstrained build operations Thread 36" [_thread_blocked, id=16764, stack(0x0000002835600000,0x0000002835700000)]
  0x00000156a4d07a10 JavaThread "Unconstrained build operations Thread 37" [_thread_blocked, id=17160, stack(0x0000002835700000,0x0000002835800000)]
  0x00000156a4d08d50 JavaThread "Unconstrained build operations Thread 38" [_thread_blocked, id=8936, stack(0x0000002835800000,0x0000002835900000)]
  0x00000156a4cc60b0 JavaThread "Unconstrained build operations Thread 39" [_thread_blocked, id=20860, stack(0x0000002835900000,0x0000002835a00000)]
  0x00000156a4cc7d90 JavaThread "Unconstrained build operations Thread 40" [_thread_blocked, id=20776, stack(0x0000002835a00000,0x0000002835b00000)]
  0x00000156a4cca8e0 JavaThread "build event listener" [_thread_blocked, id=20468, stack(0x0000002835b00000,0x0000002835c00000)]
  0x00000156a4cc95a0 JavaThread "Memory manager" [_thread_blocked, id=15676, stack(0x0000002835c00000,0x0000002835d00000)]
  0x00000156a4cc9a70 JavaThread "pool-3-thread-1" [_thread_blocked, id=2804, stack(0x0000002835d00000,0x0000002835e00000)]
  0x00000156a4ccbc20 JavaThread "build event listener" [_thread_blocked, id=19340, stack(0x0000002835e00000,0x0000002835f00000)]
  0x00000156a4ccc5c0 JavaThread "included builds" [_thread_blocked, id=15116, stack(0x0000002835f00000,0x0000002836000000)]
  0x00000156a4cc8c00 JavaThread "Execution worker" [_thread_blocked, id=9848, stack(0x0000002836000000,0x0000002836100000)]
  0x00000156a4ccadb0 JavaThread "Execution worker Thread 2" [_thread_blocked, id=2712, stack(0x0000002836100000,0x0000002836200000)]
  0x00000156a4ccb280 JavaThread "Execution worker Thread 3" [_thread_blocked, id=15376, stack(0x0000002836200000,0x0000002836300000)]
  0x00000156a4cc78c0 JavaThread "Cache worker for execution history cache (C:\Users\user\AndroidStudioProjects\HelloKids\.gradle\8.0\executionHistory)" [_thread_blocked, id=19584, stack(0x0000002836300000,0x0000002836400000)]
  0x00000156a9560590 JavaThread "Cache worker for Java compile cache (C:\Users\user\.gradle\caches\8.0\javaCompile)" [_thread_blocked, id=1916, stack(0x0000002836400000,0x0000002836500000)]
  0x00000156a955ed80 JavaThread "Build operations" [_thread_blocked, id=7704, stack(0x0000002836500000,0x0000002836600000)]
  0x00000156a955f250 JavaThread "Build operations Thread 2" [_thread_blocked, id=16332, stack(0x0000002836600000,0x0000002836700000)]
  0x00000156a955fbf0 JavaThread "Build operations Thread 3" [_thread_blocked, id=21316, stack(0x0000002836700000,0x0000002836800000)]
  0x00000156a95600c0 JavaThread "Build operations Thread 4" [_thread_blocked, id=13924, stack(0x0000002836800000,0x0000002836900000)]

Other Threads:
=>0x00000156a176fe50 VMThread "VM Thread" [stack: 0x0000002830700000,0x0000002830800000] [id=9444]
  0x00000156a2101fc0 WatcherThread [stack: 0x0000002831300000,0x0000002831400000] [id=20952]
  0x0000015688237fb0 GCTaskThread "GC Thread#0" [stack: 0x0000002830200000,0x0000002830300000] [id=2368]
  0x00000156a24807c0 GCTaskThread "GC Thread#1" [stack: 0x0000002831400000,0x0000002831500000] [id=20840]
  0x00000156a2b0e8c0 GCTaskThread "GC Thread#2" [stack: 0x0000002831500000,0x0000002831600000] [id=21084]
  0x00000156a2e83a00 GCTaskThread "GC Thread#3" [stack: 0x0000002831600000,0x0000002831700000] [id=8144]
  0x00000156882495a0 ConcurrentGCThread "G1 Main Marker" [stack: 0x0000002830300000,0x0000002830400000] [id=17788]
  0x000001568824aed0 ConcurrentGCThread "G1 Conc#0" [stack: 0x0000002830400000,0x0000002830500000] [id=3448]
  0x00000156882999a0 ConcurrentGCThread "G1 Refine#0" [stack: 0x0000002830500000,0x0000002830600000] [id=1504]
  0x00000156a3b65860 ConcurrentGCThread "G1 Refine#1" [stack: 0x0000002832c00000,0x0000002832d00000] [id=1416]
  0x000001568829a2d0 ConcurrentGCThread "G1 Service" [stack: 0x0000002830600000,0x0000002830700000] [id=12132]

Threads with active compile tasks:
C2 CompilerThread0    28059 11174       4       org.gradle.internal.service.DefaultServiceRegistry$SingletonService::get (5 bytes)

VM state: at safepoint (normal execution)

VM Mutex/Monitor currently owned by a thread:  ([mutex/lock_event])
[0x00000156861bbd40] Threads_lock - owner thread: 0x00000156a176fe50
[0x00000156861bbef0] Heap_lock - owner thread: 0x00000156a9560590

Heap address: 0x0000000080000000, size: 2048 MB, Compressed Oops mode: 32-bit

CDS archive(s) not mapped
Compressed class space mapped at: 0x0000000100000000-0x0000000140000000, reserved size: 1073741824
Narrow klass base: 0x0000000000000000, Narrow klass shift: 3, Narrow klass range: 0x140000000

GC Precious Log:
 CPUs: 4 total, 4 available
 Memory: 3971M
 Large Page Support: Disabled
 NUMA Support: Disabled
 Compressed Oops: Enabled (32-bit)
 Heap Region Size: 1M
 Heap Min Capacity: 8M
 Heap Initial Capacity: 64M
 Heap Max Capacity: 2G
 Pre-touch: Disabled
 Parallel Workers: 4
 Concurrent Workers: 1
 Concurrent Refinement Workers: 4
 Periodic GC: Disabled

Heap:
 garbage-first heap   total 174080K, used 96208K [0x0000000080000000, 0x0000000100000000)
  region size 1024K, 6 young (6144K), 6 survivors (6144K)
 Metaspace       used 89264K, committed 89856K, reserved 1130496K
  class space    used 12006K, committed 12288K, reserved 1048576K

Heap Regions: E=young(eden), S=young(survivor), O=old, HS=humongous(starts), HC=humongous(continues), CS=collection set, F=free, OA=open archive, CA=closed archive, TAMS=top-at-mark-start (previous, next)
|   0|0x0000000080000000, 0x0000000080100000, 0x0000000080100000|100%| O|  |TAMS 0x0000000080100000, 0x0000000080000000| Untracked 
|   1|0x0000000080100000, 0x0000000080200000, 0x0000000080200000|100%| O|  |TAMS 0x0000000080200000, 0x0000000080100000| Untracked 
|   2|0x0000000080200000, 0x0000000080300000, 0x0000000080300000|100%|HS|  |TAMS 0x0000000080300000, 0x0000000080200000| Complete 
|   3|0x0000000080300000, 0x0000000080400000, 0x0000000080400000|100%|HC|  |TAMS 0x0000000080400000, 0x0000000080300000| Complete 
|   4|0x0000000080400000, 0x0000000080500000, 0x0000000080500000|100%|HC|  |TAMS 0x0000000080500000, 0x0000000080400000| Complete 
|   5|0x0000000080500000, 0x0000000080600000, 0x0000000080600000|100%|HC|  |TAMS 0x0000000080600000, 0x0000000080500000| Complete 
|   6|0x0000000080600000, 0x0000000080700000, 0x0000000080700000|100%| O|  |TAMS 0x0000000080700000, 0x0000000080600000| Untracked 
|   7|0x0000000080700000, 0x0000000080800000, 0x0000000080800000|100%| O|  |TAMS 0x0000000080800000, 0x0000000080700000| Untracked 
|   8|0x0000000080800000, 0x0000000080900000, 0x0000000080900000|100%| O|  |TAMS 0x0000000080900000, 0x0000000080800000| Untracked 
|   9|0x0000000080900000, 0x0000000080a00000, 0x0000000080a00000|100%| O|  |TAMS 0x0000000080a00000, 0x0000000080900000| Untracked 
|  10|0x0000000080a00000, 0x0000000080b00000, 0x0000000080b00000|100%| O|  |TAMS 0x0000000080b00000, 0x0000000080a00000| Untracked 
|  11|0x0000000080b00000, 0x0000000080c00000, 0x0000000080c00000|100%| O|  |TAMS 0x0000000080c00000, 0x0000000080b00000| Untracked 
|  12|0x0000000080c00000, 0x0000000080d00000, 0x0000000080d00000|100%| O|  |TAMS 0x0000000080d00000, 0x0000000080c00000| Untracked 
|  13|0x0000000080d00000, 0x0000000080e00000, 0x0000000080e00000|100%| O|  |TAMS 0x0000000080e00000, 0x0000000080d00000| Untracked 
|  14|0x0000000080e00000, 0x0000000080f00000, 0x0000000080f00000|100%| O|  |TAMS 0x0000000080f00000, 0x0000000080e00000| Untracked 
|  15|0x0000000080f00000, 0x0000000081000000, 0x0000000081000000|100%| O|  |TAMS 0x0000000081000000, 0x0000000080f00000| Untracked 
|  16|0x0000000081000000, 0x0000000081100000, 0x0000000081100000|100%| O|  |TAMS 0x0000000081100000, 0x0000000081000000| Untracked 
|  17|0x0000000081100000, 0x0000000081200000, 0x0000000081200000|100%| O|  |TAMS 0x0000000081200000, 0x0000000081100000| Untracked 
|  18|0x0000000081200000, 0x0000000081300000, 0x0000000081300000|100%| O|  |TAMS 0x0000000081300000, 0x0000000081200000| Untracked 
|  19|0x0000000081300000, 0x0000000081400000, 0x0000000081400000|100%| O|  |TAMS 0x0000000081400000, 0x0000000081300000| Untracked 
|  20|0x0000000081400000, 0x0000000081500000, 0x0000000081500000|100%| O|  |TAMS 0x0000000081500000, 0x0000000081400000| Untracked 
|  21|0x0000000081500000, 0x0000000081600000, 0x0000000081600000|100%| O|  |TAMS 0x0000000081600000, 0x0000000081500000| Untracked 
|  22|0x0000000081600000, 0x0000000081700000, 0x0000000081700000|100%|HS|  |TAMS 0x0000000081700000, 0x0000000081600000| Complete 
|  23|0x0000000081700000, 0x0000000081800000, 0x0000000081800000|100%| O|  |TAMS 0x0000000081800000, 0x0000000081700000| Untracked 
|  24|0x0000000081800000, 0x0000000081900000, 0x0000000081900000|100%| O|  |TAMS 0x0000000081900000, 0x0000000081800000| Untracked 
|  25|0x0000000081900000, 0x0000000081a00000, 0x0000000081a00000|100%| O|  |TAMS 0x0000000081a00000, 0x0000000081900000| Untracked 
|  26|0x0000000081a00000, 0x0000000081b00000, 0x0000000081b00000|100%| O|  |TAMS 0x0000000081a00000, 0x0000000081a00000| Untracked 
|  27|0x0000000081b00000, 0x0000000081c00000, 0x0000000081c00000|100%| O|  |TAMS 0x0000000081c00000, 0x0000000081b00000| Untracked 
|  28|0x0000000081c00000, 0x0000000081d00000, 0x0000000081d00000|100%| O|  |TAMS 0x0000000081d00000, 0x0000000081c00000| Untracked 
|  29|0x0000000081d00000, 0x0000000081e00000, 0x0000000081e00000|100%| O|  |TAMS 0x0000000081e00000, 0x0000000081d00000| Untracked 
|  30|0x0000000081e00000, 0x0000000081f00000, 0x0000000081f00000|100%| O|  |TAMS 0x0000000081f00000, 0x0000000081e00000| Untracked 
|  31|0x0000000081f00000, 0x0000000082000000, 0x0000000082000000|100%| O|  |TAMS 0x0000000082000000, 0x0000000081f00000| Untracked 
|  32|0x0000000082000000, 0x0000000082100000, 0x0000000082100000|100%| O|  |TAMS 0x0000000082100000, 0x0000000082000000| Untracked 
|  33|0x0000000082100000, 0x0000000082200000, 0x0000000082200000|100%| O|  |TAMS 0x0000000082200000, 0x0000000082100000| Untracked 
|  34|0x0000000082200000, 0x0000000082300000, 0x0000000082300000|100%| O|  |TAMS 0x0000000082300000, 0x0000000082200000| Untracked 
|  35|0x0000000082300000, 0x0000000082400000, 0x0000000082400000|100%| O|  |TAMS 0x0000000082400000, 0x0000000082300000| Untracked 
|  36|0x0000000082400000, 0x0000000082500000, 0x0000000082500000|100%| O|  |TAMS 0x0000000082500000, 0x0000000082400000| Untracked 
|  37|0x0000000082500000, 0x0000000082600000, 0x0000000082600000|100%| O|  |TAMS 0x0000000082600000, 0x0000000082500000| Untracked 
|  38|0x0000000082600000, 0x0000000082700000, 0x0000000082700000|100%|HS|  |TAMS 0x0000000082700000, 0x0000000082600000| Complete 
|  39|0x0000000082700000, 0x0000000082800000, 0x0000000082800000|100%|HS|  |TAMS 0x0000000082800000, 0x0000000082700000| Complete 
|  40|0x0000000082800000, 0x0000000082900000, 0x0000000082900000|100%| O|  |TAMS 0x0000000082900000, 0x0000000082800000| Untracked 
|  41|0x0000000082900000, 0x0000000082a00000, 0x0000000082a00000|100%| O|  |TAMS 0x0000000082a00000, 0x0000000082900000| Untracked 
|  42|0x0000000082a00000, 0x0000000082b00000, 0x0000000082b00000|100%| O|  |TAMS 0x0000000082b00000, 0x0000000082a00000| Untracked 
|  43|0x0000000082b00000, 0x0000000082c00000, 0x0000000082c00000|100%| O|  |TAMS 0x0000000082c00000, 0x0000000082b00000| Untracked 
|  44|0x0000000082c00000, 0x0000000082d00000, 0x0000000082d00000|100%| O|  |TAMS 0x0000000082d00000, 0x0000000082c00000| Untracked 
|  45|0x0000000082d00000, 0x0000000082e00000, 0x0000000082e00000|100%| O|  |TAMS 0x0000000082e00000, 0x0000000082d00000| Untracked 
|  46|0x0000000082e00000, 0x0000000082f00000, 0x0000000082f00000|100%| O|  |TAMS 0x0000000082f00000, 0x0000000082e00000| Untracked 
|  47|0x0000000082f00000, 0x0000000083000000, 0x0000000083000000|100%| O|  |TAMS 0x0000000083000000, 0x0000000082f00000| Untracked 
|  48|0x0000000083000000, 0x0000000083100000, 0x0000000083100000|100%| O|  |TAMS 0x0000000083100000, 0x0000000083000000| Untracked 
|  49|0x0000000083100000, 0x0000000083200000, 0x0000000083200000|100%| O|  |TAMS 0x0000000083200000, 0x0000000083100000| Untracked 
|  50|0x0000000083200000, 0x0000000083300000, 0x0000000083300000|100%| O|  |TAMS 0x0000000083300000, 0x0000000083200000| Untracked 
|  51|0x0000000083300000, 0x0000000083400000, 0x0000000083400000|100%| O|  |TAMS 0x0000000083400000, 0x0000000083300000| Untracked 
|  52|0x0000000083400000, 0x0000000083500000, 0x0000000083500000|100%| O|  |TAMS 0x0000000083500000, 0x0000000083400000| Untracked 
|  53|0x0000000083500000, 0x0000000083600000, 0x0000000083600000|100%| O|  |TAMS 0x0000000083600000, 0x0000000083500000| Untracked 
|  54|0x0000000083600000, 0x0000000083700000, 0x0000000083700000|100%| O|  |TAMS 0x0000000083700000, 0x0000000083600000| Untracked 
|  55|0x0000000083700000, 0x0000000083800000, 0x0000000083800000|100%| O|  |TAMS 0x0000000083800000, 0x0000000083700000| Untracked 
|  56|0x0000000083800000, 0x0000000083900000, 0x0000000083900000|100%| O|  |TAMS 0x0000000083900000, 0x0000000083800000| Untracked 
|  57|0x0000000083900000, 0x0000000083a00000, 0x0000000083a00000|100%| O|  |TAMS 0x0000000083a00000, 0x0000000083900000| Untracked 
|  58|0x0000000083a00000, 0x0000000083b00000, 0x0000000083b00000|100%| O|  |TAMS 0x0000000083b00000, 0x0000000083a00000| Untracked 
|  59|0x0000000083b00000, 0x0000000083c00000, 0x0000000083c00000|100%| O|  |TAMS 0x0000000083c00000, 0x0000000083b00000| Untracked 
|  60|0x0000000083c00000, 0x0000000083d00000, 0x0000000083d00000|100%| O|  |TAMS 0x0000000083d00000, 0x0000000083c00000| Untracked 
|  61|0x0000000083d00000, 0x0000000083e00000, 0x0000000083e00000|100%| O|  |TAMS 0x0000000083e00000, 0x0000000083d00000| Untracked 
|  62|0x0000000083e00000, 0x0000000083f00000, 0x0000000083f00000|100%| O|  |TAMS 0x0000000083f00000, 0x0000000083e00000| Untracked 
|  63|0x0000000083f00000, 0x0000000084000000, 0x0000000084000000|100%| O|  |TAMS 0x0000000084000000, 0x0000000083f00000| Untracked 
|  64|0x0000000084000000, 0x0000000084100000, 0x0000000084100000|100%| O|  |TAMS 0x0000000084100000, 0x0000000084000000| Untracked 
|  65|0x0000000084100000, 0x0000000084200000, 0x0000000084200000|100%| O|  |TAMS 0x0000000084200000, 0x0000000084100000| Untracked 
|  66|0x0000000084200000, 0x0000000084300000, 0x0000000084300000|100%| O|  |TAMS 0x0000000084300000, 0x0000000084200000| Untracked 
|  67|0x0000000084300000, 0x0000000084400000, 0x0000000084400000|100%| O|  |TAMS 0x0000000084400000, 0x0000000084300000| Untracked 
|  68|0x0000000084400000, 0x0000000084500000, 0x0000000084500000|100%| O|  |TAMS 0x0000000084500000, 0x0000000084400000| Untracked 
|  69|0x0000000084500000, 0x0000000084600000, 0x0000000084600000|100%| O|  |TAMS 0x0000000084600000, 0x0000000084500000| Untracked 
|  70|0x0000000084600000, 0x0000000084700000, 0x0000000084700000|100%| O|  |TAMS 0x0000000084700000, 0x0000000084600000| Untracked 
|  71|0x0000000084700000, 0x0000000084800000, 0x0000000084800000|100%| O|  |TAMS 0x0000000084800000, 0x0000000084700000| Untracked 
|  72|0x0000000084800000, 0x0000000084900000, 0x0000000084900000|100%| O|  |TAMS 0x0000000084900000, 0x0000000084800000| Untracked 
|  73|0x0000000084900000, 0x0000000084a00000, 0x0000000084a00000|100%| O|  |TAMS 0x0000000084a00000, 0x0000000084900000| Untracked 
|  74|0x0000000084a00000, 0x0000000084b00000, 0x0000000084b00000|100%| O|  |TAMS 0x0000000084b00000, 0x0000000084a00000| Untracked 
|  75|0x0000000084b00000, 0x0000000084c00000, 0x0000000084c00000|100%| O|  |TAMS 0x0000000084c00000, 0x0000000084b00000| Untracked 
|  76|0x0000000084c00000, 0x0000000084d00000, 0x0000000084d00000|100%| O|  |TAMS 0x0000000084d00000, 0x0000000084c00000| Untracked 
|  77|0x0000000084d00000, 0x0000000084e00000, 0x0000000084e00000|100%| O|  |TAMS 0x0000000084e00000, 0x0000000084d00000| Untracked 
|  78|0x0000000084e00000, 0x0000000084e00000, 0x0000000084f00000|  0%| F|  |TAMS 0x0000000084e00000, 0x0000000084e00000| Untracked 
|  79|0x0000000084f00000, 0x0000000084f00000, 0x0000000085000000|  0%| F|  |TAMS 0x0000000084f00000, 0x0000000084f00000| Untracked 
|  80|0x0000000085000000, 0x0000000085100000, 0x0000000085100000|100%| O|  |TAMS 0x0000000085100000, 0x0000000085000000| Untracked 
|  81|0x0000000085100000, 0x0000000085200000, 0x0000000085200000|100%| O|  |TAMS 0x0000000085200000, 0x0000000085100000| Untracked 
|  82|0x0000000085200000, 0x0000000085300000, 0x0000000085300000|100%| O|  |TAMS 0x00000000852b5c00, 0x0000000085200000| Untracked 
|  83|0x0000000085300000, 0x0000000085400000, 0x0000000085400000|100%| O|  |TAMS 0x0000000085300000, 0x0000000085300000| Untracked 
|  84|0x0000000085400000, 0x0000000085500000, 0x0000000085500000|100%| O|  |TAMS 0x0000000085400000, 0x0000000085400000| Untracked 
|  85|0x0000000085500000, 0x0000000085600000, 0x0000000085600000|100%| O|  |TAMS 0x0000000085500000, 0x0000000085500000| Untracked 
|  86|0x0000000085600000, 0x0000000085700000, 0x0000000085700000|100%| O|  |TAMS 0x0000000085600000, 0x0000000085600000| Untracked 
|  87|0x0000000085700000, 0x0000000085800000, 0x0000000085800000|100%| O|  |TAMS 0x0000000085700000, 0x0000000085700000| Untracked 
|  88|0x0000000085800000, 0x0000000085900000, 0x0000000085900000|100%| O|  |TAMS 0x0000000085800000, 0x0000000085800000| Untracked 
|  89|0x0000000085900000, 0x00000000859f4000, 0x0000000085a00000| 95%| O|  |TAMS 0x0000000085900000, 0x0000000085900000| Untracked 
|  90|0x0000000085a00000, 0x0000000085a00000, 0x0000000085b00000|  0%| F|  |TAMS 0x0000000085a00000, 0x0000000085a00000| Untracked 
|  91|0x0000000085b00000, 0x0000000085b00000, 0x0000000085c00000|  0%| F|  |TAMS 0x0000000085b00000, 0x0000000085b00000| Untracked 
|  92|0x0000000085c00000, 0x0000000085c00000, 0x0000000085d00000|  0%| F|  |TAMS 0x0000000085c00000, 0x0000000085c00000| Untracked 
|  93|0x0000000085d00000, 0x0000000085d00000, 0x0000000085e00000|  0%| F|  |TAMS 0x0000000085d00000, 0x0000000085d00000| Untracked 
|  94|0x0000000085e00000, 0x0000000085e00000, 0x0000000085f00000|  0%| F|  |TAMS 0x0000000085e00000, 0x0000000085e00000| Untracked 
|  95|0x0000000085f00000, 0x0000000085f00000, 0x0000000086000000|  0%| F|  |TAMS 0x0000000085f00000, 0x0000000085f00000| Untracked 
|  96|0x0000000086000000, 0x0000000086000000, 0x0000000086100000|  0%| F|  |TAMS 0x0000000086000000, 0x0000000086000000| Untracked 
|  97|0x0000000086100000, 0x0000000086100000, 0x0000000086200000|  0%| F|  |TAMS 0x0000000086100000, 0x0000000086100000| Untracked 
|  98|0x0000000086200000, 0x0000000086200000, 0x0000000086300000|  0%| F|  |TAMS 0x0000000086200000, 0x0000000086200000| Untracked 
|  99|0x0000000086300000, 0x0000000086300000, 0x0000000086400000|  0%| F|  |TAMS 0x0000000086300000, 0x0000000086300000| Untracked 
| 100|0x0000000086400000, 0x0000000086400000, 0x0000000086500000|  0%| F|  |TAMS 0x0000000086400000, 0x0000000086400000| Untracked 
| 101|0x0000000086500000, 0x0000000086500000, 0x0000000086600000|  0%| F|  |TAMS 0x0000000086500000, 0x0000000086500000| Untracked 
| 102|0x0000000086600000, 0x0000000086600000, 0x0000000086700000|  0%| F|  |TAMS 0x0000000086600000, 0x0000000086600000| Untracked 
| 103|0x0000000086700000, 0x0000000086700000, 0x0000000086800000|  0%| F|  |TAMS 0x0000000086700000, 0x0000000086700000| Untracked 
| 104|0x0000000086800000, 0x0000000086800000, 0x0000000086900000|  0%| F|  |TAMS 0x0000000086800000, 0x0000000086800000| Untracked 
| 105|0x0000000086900000, 0x0000000086900000, 0x0000000086a00000|  0%| F|  |TAMS 0x0000000086900000, 0x0000000086900000| Untracked 
| 106|0x0000000086a00000, 0x0000000086a00000, 0x0000000086b00000|  0%| F|  |TAMS 0x0000000086a00000, 0x0000000086a00000| Untracked 
| 107|0x0000000086b00000, 0x0000000086b00000, 0x0000000086c00000|  0%| F|  |TAMS 0x0000000086b00000, 0x0000000086b00000| Untracked 
| 108|0x0000000086c00000, 0x0000000086c00000, 0x0000000086d00000|  0%| F|  |TAMS 0x0000000086c00000, 0x0000000086c00000| Untracked 
| 109|0x0000000086d00000, 0x0000000086d00000, 0x0000000086e00000|  0%| F|  |TAMS 0x0000000086d00000, 0x0000000086d00000| Untracked 
| 110|0x0000000086e00000, 0x0000000086e00000, 0x0000000086f00000|  0%| F|  |TAMS 0x0000000086e00000, 0x0000000086e00000| Untracked 
| 111|0x0000000086f00000, 0x0000000086f00000, 0x0000000087000000|  0%| F|  |TAMS 0x0000000086f00000, 0x0000000086f00000| Untracked 
| 112|0x0000000087000000, 0x0000000087000000, 0x0000000087100000|  0%| F|  |TAMS 0x0000000087000000, 0x0000000087000000| Untracked 
| 113|0x0000000087100000, 0x0000000087100000, 0x0000000087200000|  0%| F|  |TAMS 0x0000000087100000, 0x0000000087100000| Untracked 
| 114|0x0000000087200000, 0x0000000087200000, 0x0000000087300000|  0%| F|  |TAMS 0x0000000087200000, 0x0000000087200000| Untracked 
| 115|0x0000000087300000, 0x0000000087300000, 0x0000000087400000|  0%| F|  |TAMS 0x0000000087300000, 0x0000000087300000| Untracked 
| 116|0x0000000087400000, 0x0000000087500000, 0x0000000087500000|100%| S|CS|TAMS 0x0000000087400000, 0x0000000087400000| Complete 
| 117|0x0000000087500000, 0x0000000087600000, 0x0000000087600000|100%| S|CS|TAMS 0x0000000087500000, 0x0000000087500000| Complete 
| 118|0x0000000087600000, 0x0000000087700000, 0x0000000087700000|100%| S|CS|TAMS 0x0000000087600000, 0x0000000087600000| Complete 
| 119|0x0000000087700000, 0x0000000087800000, 0x0000000087800000|100%| S|CS|TAMS 0x0000000087700000, 0x0000000087700000| Complete 
| 120|0x0000000087800000, 0x0000000087900000, 0x0000000087900000|100%| S|CS|TAMS 0x0000000087800000, 0x0000000087800000| Complete 
| 121|0x0000000087900000, 0x0000000087a00000, 0x0000000087a00000|100%| S|CS|TAMS 0x0000000087900000, 0x0000000087900000| Complete 
| 122|0x0000000087a00000, 0x0000000087a00000, 0x0000000087b00000|  0%| F|  |TAMS 0x0000000087a00000, 0x0000000087a00000| Untracked 
| 123|0x0000000087b00000, 0x0000000087b00000, 0x0000000087c00000|  0%| F|  |TAMS 0x0000000087b00000, 0x0000000087b00000| Untracked 
| 124|0x0000000087c00000, 0x0000000087c00000, 0x0000000087d00000|  0%| F|  |TAMS 0x0000000087c00000, 0x0000000087c00000| Untracked 
| 125|0x0000000087d00000, 0x0000000087d00000, 0x0000000087e00000|  0%| F|  |TAMS 0x0000000087d00000, 0x0000000087d00000| Untracked 
| 126|0x0000000087e00000, 0x0000000087e00000, 0x0000000087f00000|  0%| F|  |TAMS 0x0000000087e00000, 0x0000000087e00000| Untracked 
| 127|0x0000000087f00000, 0x0000000087f00000, 0x0000000088000000|  0%| F|  |TAMS 0x0000000087f00000, 0x0000000087f00000| Untracked 
| 128|0x0000000088000000, 0x0000000088000000, 0x0000000088100000|  0%| F|  |TAMS 0x0000000088000000, 0x0000000088000000| Untracked 
| 129|0x0000000088100000, 0x0000000088100000, 0x0000000088200000|  0%| F|  |TAMS 0x0000000088100000, 0x0000000088100000| Untracked 
| 130|0x0000000088200000, 0x0000000088200000, 0x0000000088300000|  0%| F|  |TAMS 0x0000000088200000, 0x0000000088200000| Untracked 
| 131|0x0000000088300000, 0x0000000088300000, 0x0000000088400000|  0%| F|  |TAMS 0x0000000088300000, 0x0000000088300000| Untracked 
| 132|0x0000000088400000, 0x0000000088400000, 0x0000000088500000|  0%| F|  |TAMS 0x0000000088400000, 0x0000000088400000| Untracked 
| 133|0x0000000088500000, 0x0000000088500000, 0x0000000088600000|  0%| F|  |TAMS 0x0000000088500000, 0x0000000088500000| Untracked 
| 134|0x0000000088600000, 0x0000000088600000, 0x0000000088700000|  0%| F|  |TAMS 0x0000000088600000, 0x0000000088600000| Untracked 
| 135|0x0000000088700000, 0x0000000088700000, 0x0000000088800000|  0%| F|  |TAMS 0x0000000088700000, 0x0000000088700000| Untracked 
| 136|0x0000000088800000, 0x0000000088800000, 0x0000000088900000|  0%| F|  |TAMS 0x0000000088800000, 0x0000000088800000| Untracked 
| 137|0x0000000088900000, 0x0000000088900000, 0x0000000088a00000|  0%| F|  |TAMS 0x0000000088900000, 0x0000000088900000| Untracked 
| 138|0x0000000088a00000, 0x0000000088a00000, 0x0000000088b00000|  0%| F|  |TAMS 0x0000000088a00000, 0x0000000088a00000| Untracked 
| 139|0x0000000088b00000, 0x0000000088b00000, 0x0000000088c00000|  0%| F|  |TAMS 0x0000000088b00000, 0x0000000088b00000| Untracked 
| 140|0x0000000088c00000, 0x0000000088c00000, 0x0000000088d00000|  0%| F|  |TAMS 0x0000000088c00000, 0x0000000088c00000| Untracked 
| 141|0x0000000088d00000, 0x0000000088d00000, 0x0000000088e00000|  0%| F|  |TAMS 0x0000000088d00000, 0x0000000088d00000| Untracked 
| 142|0x0000000088e00000, 0x0000000088e00000, 0x0000000088f00000|  0%| F|  |TAMS 0x0000000088e00000, 0x0000000088e00000| Untracked 
| 143|0x0000000088f00000, 0x0000000088f00000, 0x0000000089000000|  0%| F|  |TAMS 0x0000000088f00000, 0x0000000088f00000| Untracked 
| 144|0x0000000089000000, 0x0000000089000000, 0x0000000089100000|  0%| F|  |TAMS 0x0000000089000000, 0x0000000089000000| Untracked 
| 145|0x0000000089100000, 0x0000000089100000, 0x0000000089200000|  0%| F|  |TAMS 0x0000000089100000, 0x0000000089100000| Untracked 
| 146|0x0000000089200000, 0x0000000089200000, 0x0000000089300000|  0%| F|  |TAMS 0x0000000089200000, 0x0000000089200000| Untracked 
| 147|0x0000000089300000, 0x0000000089300000, 0x0000000089400000|  0%| F|  |TAMS 0x0000000089300000, 0x0000000089300000| Untracked 
| 148|0x0000000089400000, 0x0000000089400000, 0x0000000089500000|  0%| F|  |TAMS 0x0000000089400000, 0x0000000089400000| Untracked 
| 149|0x0000000089500000, 0x0000000089500000, 0x0000000089600000|  0%| F|  |TAMS 0x0000000089500000, 0x0000000089500000| Untracked 
| 150|0x0000000089600000, 0x0000000089600000, 0x0000000089700000|  0%| F|  |TAMS 0x0000000089600000, 0x0000000089600000| Untracked 
| 151|0x0000000089700000, 0x0000000089700000, 0x0000000089800000|  0%| F|  |TAMS 0x0000000089700000, 0x0000000089700000| Untracked 
| 152|0x0000000089800000, 0x0000000089800000, 0x0000000089900000|  0%| F|  |TAMS 0x0000000089800000, 0x0000000089800000| Untracked 
| 153|0x0000000089900000, 0x0000000089900000, 0x0000000089a00000|  0%| F|  |TAMS 0x0000000089900000, 0x0000000089900000| Untracked 
| 154|0x0000000089a00000, 0x0000000089a00000, 0x0000000089b00000|  0%| F|  |TAMS 0x0000000089a00000, 0x0000000089a00000| Untracked 
| 155|0x0000000089b00000, 0x0000000089b00000, 0x0000000089c00000|  0%| F|  |TAMS 0x0000000089b00000, 0x0000000089b00000| Untracked 
| 156|0x0000000089c00000, 0x0000000089c00000, 0x0000000089d00000|  0%| F|  |TAMS 0x0000000089c00000, 0x0000000089c00000| Untracked 
| 157|0x0000000089d00000, 0x0000000089d00000, 0x0000000089e00000|  0%| F|  |TAMS 0x0000000089d00000, 0x0000000089d00000| Untracked 
| 158|0x0000000089e00000, 0x0000000089e00000, 0x0000000089f00000|  0%| F|  |TAMS 0x0000000089e00000, 0x0000000089e00000| Untracked 
| 159|0x0000000089f00000, 0x0000000089f00000, 0x000000008a000000|  0%| F|  |TAMS 0x0000000089f00000, 0x0000000089f00000| Untracked 
| 160|0x000000008a000000, 0x000000008a000000, 0x000000008a100000|  0%| F|  |TAMS 0x000000008a000000, 0x000000008a000000| Untracked 
| 161|0x000000008a100000, 0x000000008a100000, 0x000000008a200000|  0%| F|  |TAMS 0x000000008a100000, 0x000000008a100000| Untracked 
| 162|0x000000008a200000, 0x000000008a200000, 0x000000008a300000|  0%| F|  |TAMS 0x000000008a200000, 0x000000008a200000| Untracked 
| 163|0x000000008a300000, 0x000000008a300000, 0x000000008a400000|  0%| F|  |TAMS 0x000000008a300000, 0x000000008a300000| Untracked 
| 164|0x000000008a400000, 0x000000008a400000, 0x000000008a500000|  0%| F|  |TAMS 0x000000008a400000, 0x000000008a400000| Untracked 
| 165|0x000000008a500000, 0x000000008a500000, 0x000000008a600000|  0%| F|  |TAMS 0x000000008a500000, 0x000000008a500000| Untracked 
| 166|0x000000008a600000, 0x000000008a600000, 0x000000008a700000|  0%| F|  |TAMS 0x000000008a600000, 0x000000008a600000| Untracked 
| 167|0x000000008a700000, 0x000000008a700000, 0x000000008a800000|  0%| F|  |TAMS 0x000000008a700000, 0x000000008a700000| Untracked 
| 168|0x000000008a800000, 0x000000008a800000, 0x000000008a900000|  0%| F|  |TAMS 0x000000008a800000, 0x000000008a800000| Untracked 
| 169|0x000000008a900000, 0x000000008a900000, 0x000000008aa00000|  0%| F|  |TAMS 0x000000008a900000, 0x000000008a900000| Untracked 

Card table byte_map: [0x000001569aab0000,0x000001569aeb0000] _byte_map_base: 0x000001569a6b0000

Marking Bits (Prev, Next): (CMBitMap*) 0x00000156882384d0, (CMBitMap*) 0x0000015688238510
 Prev Bits: [0x000001569b2b0000, 0x000001569d2b0000)
 Next Bits: [0x000001569d2b0000, 0x000001569f2b0000)

Polling page: 0x00000156861f0000

Metaspace:

Usage:
  Non-class:     75.45 MB used.
      Class:     11.72 MB used.
       Both:     87.17 MB used.

Virtual space:
  Non-class space:       80.00 MB reserved,      75.75 MB ( 95%) committed,  10 nodes.
      Class space:        1.00 GB reserved,      12.00 MB (  1%) committed,  1 nodes.
             Both:        1.08 GB reserved,      87.75 MB (  8%) committed. 

Chunk freelists:
   Non-Class:  3.45 MB
       Class:  3.94 MB
        Both:  7.39 MB

MaxMetaspaceSize: unlimited
CompressedClassSpaceSize: 1.00 GB
Initial GC threshold: 21.00 MB
Current GC threshold: 144.50 MB
CDS: off
MetaspaceReclaimPolicy: balanced
 - commit_granule_bytes: 65536.
 - commit_granule_words: 8192.
 - virtual_space_node_default_size: 1048576.
 - enlarge_chunks_in_place: 1.
 - new_chunks_are_fully_committed: 0.
 - uncommit_free_chunks: 1.
 - use_allocation_guard: 0.
 - handle_deallocations: 1.


Internal statistics:

num_allocs_failed_limit: 15.
num_arena_births: 880.
num_arena_deaths: 4.
num_vsnodes_births: 11.
num_vsnodes_deaths: 0.
num_space_committed: 1403.
num_space_uncommitted: 0.
num_chunks_returned_to_freelist: 19.
num_chunks_taken_from_freelist: 4134.
num_chunk_merges: 15.
num_chunk_splits: 2699.
num_chunks_enlarged: 1797.
num_purges: 2.
num_inconsistent_stats: 0.

CodeHeap 'non-profiled nmethods': size=120000Kb used=5280Kb max_used=5280Kb free=114719Kb
 bounds [0x0000015693180000, 0x00000156936b0000, 0x000001569a6b0000]
CodeHeap 'profiled nmethods': size=120000Kb used=20213Kb max_used=20213Kb free=99786Kb
 bounds [0x000001568b6b0000, 0x000001568ca70000, 0x0000015692be0000]
CodeHeap 'non-nmethods': size=5760Kb used=2371Kb max_used=2447Kb free=3389Kb
 bounds [0x0000015692be0000, 0x0000015692e80000, 0x0000015693180000]
 total_blobs=11234 nmethods=10328 adapters=818
 compilation: enabled
              stopped_count=0, restarted_count=0
 full_count=0

Compilation events (20 events):
Event: 27.828 Thread 0x00000156a20b15b0 11219       3       it.unimi.dsi.fastutil.ints.IntOpenHashSet::add (120 bytes)
Event: 27.829 Thread 0x00000156a20b15b0 nmethod 11219 0x000001568ca6a690 code [0x000001568ca6a880, 0x000001568ca6adb8]
Event: 27.829 Thread 0x00000156a20b15b0 11220       3       it.unimi.dsi.fastutil.HashCommon::mix (12 bytes)
Event: 27.829 Thread 0x00000156a20b15b0 nmethod 11220 0x000001568ca6af90 code [0x000001568ca6b120, 0x000001568ca6b218]
Event: 27.849 Thread 0x00000156a20b15b0 11222       3       java.lang.StrictMath::floorOrCeil (128 bytes)
Event: 27.849 Thread 0x00000156a20b15b0 nmethod 11222 0x000001568ca6b290 code [0x000001568ca6b460, 0x000001568ca6b8f8]
Event: 27.850 Thread 0x00000156a20b15b0 11223       3       java.lang.Math::getExponent (17 bytes)
Event: 27.850 Thread 0x00000156a20b15b0 nmethod 11223 0x000001568ca6ba10 code [0x000001568ca6bba0, 0x000001568ca6bcd8]
Event: 27.850 Thread 0x00000156a20b15b0 11224       3       java.lang.Math::ceil (5 bytes)
Event: 27.850 Thread 0x00000156a20b15b0 nmethod 11224 0x000001568ca6bd90 code [0x000001568ca6bf20, 0x000001568ca6c028]
Event: 27.871 Thread 0x00000156a20b15b0 11229       2       java.lang.StrictMath::ceil (10 bytes)
Event: 27.871 Thread 0x00000156a20b15b0 nmethod 11229 0x000001568ca6c110 code [0x000001568ca6c2e0, 0x000001568ca6c3e8]
Event: 27.874 Thread 0x00000156a20b15b0 11230       2       com.google.common.collect.HashBiMap::createTable (5 bytes)
Event: 27.875 Thread 0x00000156a20b15b0 nmethod 11230 0x000001568ca6c490 code [0x000001568ca6c620, 0x000001568ca6c7b8]
Event: 27.899 Thread 0x00000156a20b15b0 11233       2       org.gradle.internal.serialize.IntSetSerializer::read (54 bytes)
Event: 27.899 Thread 0x00000156a20b15b0 nmethod 11233 0x000001568ca6c890 code [0x000001568ca6caa0, 0x000001568ca6ce18]
Event: 27.899 Thread 0x00000156a20b15b0 11234       2       it.unimi.dsi.fastutil.ints.IntOpenHashSet::<init> (8 bytes)
Event: 27.899 Thread 0x00000156a20b15b0 nmethod 11234 0x000001568ca6d010 code [0x000001568ca6d1c0, 0x000001568ca6d2e8]
Event: 27.909 Thread 0x00000156a20b15b0 11236       2       org.gradle.internal.serialize.AbstractSerializer::<init> (5 bytes)
Event: 27.910 Thread 0x00000156a20b15b0 nmethod 11236 0x000001568ca6d390 code [0x000001568ca6d520, 0x000001568ca6d618]

GC Heap History (20 events):
Event: 17.197 GC heap after
{Heap after GC invocations=26 (full 0):
 garbage-first heap   total 131072K, used 58749K [0x0000000080000000, 0x0000000100000000)
  region size 1024K, 5 young (5120K), 5 survivors (5120K)
 Metaspace       used 68267K, committed 68864K, reserved 1114112K
  class space    used 8947K, committed 9216K, reserved 1048576K
}
Event: 18.122 GC heap before
{Heap before GC invocations=26 (full 0):
 garbage-first heap   total 131072K, used 105853K [0x0000000080000000, 0x0000000100000000)
  region size 1024K, 50 young (51200K), 5 survivors (5120K)
 Metaspace       used 73761K, committed 74240K, reserved 1114112K
  class space    used 9876K, committed 10112K, reserved 1048576K
}
Event: 18.138 GC heap after
{Heap after GC invocations=27 (full 0):
 garbage-first heap   total 131072K, used 61284K [0x0000000080000000, 0x0000000100000000)
  region size 1024K, 3 young (3072K), 3 survivors (3072K)
 Metaspace       used 73761K, committed 74240K, reserved 1114112K
  class space    used 9876K, committed 10112K, reserved 1048576K
}
Event: 19.086 GC heap before
{Heap before GC invocations=27 (full 0):
 garbage-first heap   total 131072K, used 106340K [0x0000000080000000, 0x0000000100000000)
  region size 1024K, 47 young (48128K), 3 survivors (3072K)
 Metaspace       used 77807K, committed 78400K, reserved 1122304K
  class space    used 10460K, committed 10752K, reserved 1048576K
}
Event: 19.094 GC heap after
{Heap after GC invocations=28 (full 0):
 garbage-first heap   total 157696K, used 64373K [0x0000000080000000, 0x0000000100000000)
  region size 1024K, 6 young (6144K), 6 survivors (6144K)
 Metaspace       used 77807K, committed 78400K, reserved 1122304K
  class space    used 10460K, committed 10752K, reserved 1048576K
}
Event: 21.657 GC heap before
{Heap before GC invocations=28 (full 0):
 garbage-first heap   total 157696K, used 123765K [0x0000000080000000, 0x0000000100000000)
  region size 1024K, 64 young (65536K), 6 survivors (6144K)
 Metaspace       used 83575K, committed 84160K, reserved 1122304K
  class space    used 11290K, committed 11520K, reserved 1048576K
}
Event: 21.687 GC heap after
{Heap after GC invocations=29 (full 0):
 garbage-first heap   total 157696K, used 69632K [0x0000000080000000, 0x0000000100000000)
  region size 1024K, 8 young (8192K), 8 survivors (8192K)
 Metaspace       used 83575K, committed 84160K, reserved 1122304K
  class space    used 11290K, committed 11520K, reserved 1048576K
}
Event: 22.209 GC heap before
{Heap before GC invocations=29 (full 0):
 garbage-first heap   total 157696K, used 107520K [0x0000000080000000, 0x0000000100000000)
  region size 1024K, 46 young (47104K), 8 survivors (8192K)
 Metaspace       used 84920K, committed 85568K, reserved 1130496K
  class space    used 11379K, committed 11712K, reserved 1048576K
}
Event: 22.337 GC heap after
{Heap after GC invocations=30 (full 0):
 garbage-first heap   total 157696K, used 79099K [0x0000000080000000, 0x0000000100000000)
  region size 1024K, 8 young (8192K), 8 survivors (8192K)
 Metaspace       used 84920K, committed 85568K, reserved 1130496K
  class space    used 11379K, committed 11712K, reserved 1048576K
}
Event: 24.318 GC heap before
{Heap before GC invocations=31 (full 0):
 garbage-first heap   total 157696K, used 123131K [0x0000000080000000, 0x0000000100000000)
  region size 1024K, 52 young (53248K), 8 survivors (8192K)
 Metaspace       used 87486K, committed 88064K, reserved 1130496K
  class space    used 11820K, committed 12096K, reserved 1048576K
}
Event: 24.391 GC heap after
{Heap after GC invocations=32 (full 0):
 garbage-first heap   total 157696K, used 83946K [0x0000000080000000, 0x0000000100000000)
  region size 1024K, 6 young (6144K), 6 survivors (6144K)
 Metaspace       used 87486K, committed 88064K, reserved 1130496K
  class space    used 11820K, committed 12096K, reserved 1048576K
}
Event: 24.443 GC heap before
{Heap before GC invocations=32 (full 0):
 garbage-first heap   total 157696K, used 84970K [0x0000000080000000, 0x0000000100000000)
  region size 1024K, 7 young (7168K), 6 survivors (6144K)
 Metaspace       used 87504K, committed 88192K, reserved 1130496K
  class space    used 11822K, committed 12160K, reserved 1048576K
}
Event: 24.468 GC heap after
{Heap after GC invocations=33 (full 0):
 garbage-first heap   total 157696K, used 84695K [0x0000000080000000, 0x0000000100000000)
  region size 1024K, 1 young (1024K), 1 survivors (1024K)
 Metaspace       used 87504K, committed 88192K, reserved 1130496K
  class space    used 11822K, committed 12160K, reserved 1048576K
}
Event: 25.533 GC heap before
{Heap before GC invocations=33 (full 0):
 garbage-first heap   total 157696K, used 124631K [0x0000000080000000, 0x0000000100000000)
  region size 1024K, 41 young (41984K), 1 survivors (1024K)
 Metaspace       used 87832K, committed 88512K, reserved 1130496K
  class space    used 11828K, committed 12160K, reserved 1048576K
}
Event: 25.555 GC heap after
{Heap after GC invocations=34 (full 0):
 garbage-first heap   total 157696K, used 88581K [0x0000000080000000, 0x0000000100000000)
  region size 1024K, 5 young (5120K), 5 survivors (5120K)
 Metaspace       used 87832K, committed 88512K, reserved 1130496K
  class space    used 11828K, committed 12160K, reserved 1048576K
}
Event: 26.722 GC heap before
{Heap before GC invocations=35 (full 0):
 garbage-first heap   total 174080K, used 125445K [0x0000000080000000, 0x0000000100000000)
  region size 1024K, 42 young (43008K), 5 survivors (5120K)
 Metaspace       used 88314K, committed 88896K, reserved 1130496K
  class space    used 11875K, committed 12160K, reserved 1048576K
}
Event: 26.743 GC heap after
{Heap after GC invocations=36 (full 0):
 garbage-first heap   total 174080K, used 91090K [0x0000000080000000, 0x0000000100000000)
  region size 1024K, 5 young (5120K), 5 survivors (5120K)
 Metaspace       used 88314K, committed 88896K, reserved 1130496K
  class space    used 11875K, committed 12160K, reserved 1048576K
}
Event: 26.807 GC heap before
{Heap before GC invocations=36 (full 0):
 garbage-first heap   total 174080K, used 93138K [0x0000000080000000, 0x0000000100000000)
  region size 1024K, 8 young (8192K), 5 survivors (5120K)
 Metaspace       used 88317K, committed 88896K, reserved 1130496K
  class space    used 11875K, committed 12160K, reserved 1048576K
}
Event: 26.822 GC heap after
{Heap after GC invocations=37 (full 0):
 garbage-first heap   total 174080K, used 90497K [0x0000000080000000, 0x0000000100000000)
  region size 1024K, 1 young (1024K), 1 survivors (1024K)
 Metaspace       used 88317K, committed 88896K, reserved 1130496K
  class space    used 11875K, committed 12160K, reserved 1048576K
}
Event: 27.912 GC heap before
{Heap before GC invocations=37 (full 0):
 garbage-first heap   total 174080K, used 137601K [0x0000000080000000, 0x0000000100000000)
  region size 1024K, 48 young (49152K), 1 survivors (1024K)
 Metaspace       used 89264K, committed 89856K, reserved 1130496K
  class space    used 12006K, committed 12288K, reserved 1048576K
}

Dll operation events (2 events):
Event: 0.042 Loaded shared library C:\Program Files\Android\Android Studio\jbr\bin\java.dll
Event: 0.870 Loaded shared library C:\Program Files\Android\Android Studio\jbr\bin\verify.dll

Deoptimization events (20 events):
Event: 27.660 Thread 0x00000156a4ccadb0 Uncommon trap: trap_request=0xffffffc6 fr.pc=0x000001569368f8a0 relative=0x00000000000009a0
Event: 27.660 Thread 0x00000156a4ccadb0 Uncommon trap: reason=bimorphic_or_optimized_type_check action=maybe_recompile pc=0x000001569368f8a0 method=com.google.common.collect.AbstractMapBasedMultimap$WrappedCollection.refreshIfEmpty()V @ 59 c2
Event: 27.660 Thread 0x00000156a4ccadb0 DEOPT PACKING pc=0x000001569368f8a0 sp=0x00000028361fb970
Event: 27.660 Thread 0x00000156a4ccadb0 DEOPT UNPACKING pc=0x0000015692c369a3 sp=0x00000028361fb928 mode 2
Event: 27.660 Thread 0x00000156a4ccadb0 Uncommon trap: trap_request=0xffffffc6 fr.pc=0x000001569368f8a0 relative=0x00000000000009a0
Event: 27.660 Thread 0x00000156a4ccadb0 Uncommon trap: reason=bimorphic_or_optimized_type_check action=maybe_recompile pc=0x000001569368f8a0 method=com.google.common.collect.AbstractMapBasedMultimap$WrappedCollection.refreshIfEmpty()V @ 59 c2
Event: 27.660 Thread 0x00000156a4ccadb0 DEOPT PACKING pc=0x000001569368f8a0 sp=0x00000028361fb9a0
Event: 27.660 Thread 0x00000156a4ccadb0 DEOPT UNPACKING pc=0x0000015692c369a3 sp=0x00000028361fb958 mode 2
Event: 27.662 Thread 0x00000156a4ccadb0 Uncommon trap: trap_request=0xffffffc6 fr.pc=0x000001569358a51c relative=0x000000000000099c
Event: 27.662 Thread 0x00000156a4ccadb0 Uncommon trap: reason=bimorphic_or_optimized_type_check action=maybe_recompile pc=0x000001569358a51c method=com.google.common.collect.AbstractMapBasedMultimap$WrappedCollection.refreshIfEmpty()V @ 59 c2
Event: 27.662 Thread 0x00000156a4ccadb0 DEOPT PACKING pc=0x000001569358a51c sp=0x00000028361fb9e0
Event: 27.662 Thread 0x00000156a4ccadb0 DEOPT UNPACKING pc=0x0000015692c369a3 sp=0x00000028361fb948 mode 2
Event: 27.828 Thread 0x00000156a9560590 Uncommon trap: trap_request=0xffffff45 fr.pc=0x000001569367d91c relative=0x00000000000004fc
Event: 27.828 Thread 0x00000156a9560590 Uncommon trap: reason=unstable_if action=reinterpret pc=0x000001569367d91c method=org.gradle.internal.io.StreamByteBuffer$StreamByteBufferInputStream.readImpl([BII)I @ 49 c2
Event: 27.828 Thread 0x00000156a9560590 DEOPT PACKING pc=0x000001569367d91c sp=0x00000028364fe580
Event: 27.828 Thread 0x00000156a9560590 DEOPT UNPACKING pc=0x0000015692c369a3 sp=0x00000028364fe4b0 mode 2
Event: 27.898 Thread 0x00000156a9560590 Uncommon trap: trap_request=0xffffff45 fr.pc=0x000001569367e59c relative=0x00000000000004fc
Event: 27.898 Thread 0x00000156a9560590 Uncommon trap: reason=unstable_if action=reinterpret pc=0x000001569367e59c method=org.gradle.internal.io.StreamByteBuffer$StreamByteBufferInputStream.readImpl([BII)I @ 49 c2
Event: 27.898 Thread 0x00000156a9560590 DEOPT PACKING pc=0x000001569367e59c sp=0x00000028364fe4d0
Event: 27.898 Thread 0x00000156a9560590 DEOPT UNPACKING pc=0x0000015692c369a3 sp=0x00000028364fe498 mode 2

Classes unloaded (2 events):
Event: 26.029 Thread 0x00000156a176fe50 Unloading class 0x0000000100bd1800 'java/lang/invoke/LambdaForm$DMH+0x0000000100bd1800'
Event: 26.029 Thread 0x00000156a176fe50 Unloading class 0x0000000100bd1400 'java/lang/invoke/LambdaForm$DMH+0x0000000100bd1400'

Classes redefined (0 events):
No events

Internal exceptions (20 events):
Event: 23.445 Thread 0x00000156a4cca8e0 Exception <a 'java/lang/NoSuchMethodError'{0x0000000088e402d0}: static Lcom/android/buildanalyzer/common/AndroidGradlePluginAttributionData$TaskCategoryInfo;.<clinit>()V> (0x0000000088e402d0) 
thrown [s\src\hotspot\share\prims\jni.cpp, line 1108]
Event: 23.844 Thread 0x00000156a4ccadb0 Exception <a 'java/lang/NoSuchMethodError'{0x00000000887bd198}: 'void java.lang.invoke.DirectMethodHandle$Holder.invokeStatic(java.lang.Object, java.lang.Object, java.lang.Object, java.lang.Object, int, java.lang.Object, java.lang.Object)'> (0x00000000887bd198) 
thrown [s\src\hotspot\share\interpreter\linkResolver.cpp, line 771]
Event: 23.857 Thread 0x00000156a5a8b400 Implicit null exception at 0x000001569356cae4 to 0x000001569356d4d0
Event: 23.857 Thread 0x00000156a5a8b400 Implicit null exception at 0x000001569356cae4 to 0x000001569356d4d0
Event: 23.857 Thread 0x00000156a5a8b400 Implicit null exception at 0x000001569356cae4 to 0x000001569356d4d0
Event: 23.858 Thread 0x00000156a4ccadb0 Implicit null exception at 0x000001569356cae4 to 0x000001569356d4d0
Event: 23.899 Thread 0x00000156a5a8f290 Exception <a 'java/lang/NoSuchMethodError'{0x000000008838aa78}: 'java.lang.Object java.lang.invoke.DirectMethodHandle$Holder.invokeSpecialIFC(java.lang.Object, java.lang.Object, java.lang.Object)'> (0x000000008838aa78) 
thrown [s\src\hotspot\share\interpreter\linkResolver.cpp, line 771]
Event: 23.899 Thread 0x00000156a5a92c50 Exception <a 'java/lang/NoSuchMethodError'{0x00000000883a5c80}: 'java.lang.Object java.lang.invoke.DirectMethodHandle$Holder.invokeSpecialIFC(java.lang.Object, java.lang.Object, java.lang.Object)'> (0x00000000883a5c80) 
thrown [s\src\hotspot\share\interpreter\linkResolver.cpp, line 771]
Event: 23.899 Thread 0x00000156a5a8b400 Exception <a 'java/lang/NoSuchMethodError'{0x000000008865ddc8}: 'java.lang.Object java.lang.invoke.DirectMethodHandle$Holder.invokeSpecialIFC(java.lang.Object, java.lang.Object, java.lang.Object)'> (0x000000008865ddc8) 
thrown [s\src\hotspot\share\interpreter\linkResolver.cpp, line 771]
Event: 24.430 Thread 0x00000156a5a8b400 Exception <a 'java/lang/NoSuchMethodError'{0x00000000899ab068}: 'void java.lang.invoke.DirectMethodHandle$Holder.invokeVirtual(java.lang.Object, java.lang.Object)'> (0x00000000899ab068) 
thrown [s\src\hotspot\share\interpreter\linkResolver.cpp, line 771]
Event: 24.795 Thread 0x00000156a5a8b400 Implicit null exception at 0x00000156935e3c60 to 0x00000156935e3cec
Event: 25.356 Thread 0x00000156a5a8b400 Implicit null exception at 0x000001569360f188 to 0x000001569360f328
Event: 26.434 Thread 0x00000156a4ccadb0 Exception <a 'java/lang/NoSuchMethodError'{0x000000008a1dd658}: static Lcom/android/build/gradle/internal/scope/InternalArtifactType;.<clinit>()V> (0x000000008a1dd658) 
thrown [s\src\hotspot\share\prims\jni.cpp, line 1108]
Event: 26.435 Thread 0x00000156a4ccadb0 Exception <a 'java/lang/NoSuchMethodError'{0x000000008a1dedb0}: static Lcom/android/build/gradle/internal/scope/InternalArtifactType;.<clinit>()V> (0x000000008a1dedb0) 
thrown [s\src\hotspot\share\prims\jni.cpp, line 1108]
Event: 26.435 Thread 0x00000156a4ccadb0 Exception <a 'java/lang/NoSuchMethodError'{0x000000008a1e1f50}: static Lcom/android/build/api/artifact/Artifact$Single;.<clinit>()V> (0x000000008a1e1f50) 
thrown [s\src\hotspot\share\prims\jni.cpp, line 1108]
Event: 26.436 Thread 0x00000156a4ccadb0 Exception <a 'java/lang/NoSuchMethodError'{0x000000008a1e44e0}: static Ljava/lang/Object;.<clinit>()V> (0x000000008a1e44e0) 
thrown [s\src\hotspot\share\prims\jni.cpp, line 1108]
Event: 26.437 Thread 0x00000156a4ccadb0 Exception <a 'java/lang/NoSuchMethodError'{0x000000008a1fa930}: static Lcom/android/build/api/artifact/ArtifactKind;.<clinit>()V> (0x000000008a1fa930) 
thrown [s\src\hotspot\share\prims\jni.cpp, line 1108]
Event: 26.437 Thread 0x00000156a4ccadb0 Exception <a 'java/lang/NoSuchMethodError'{0x000000008a1fbaf0}: static Lcom/android/build/api/artifact/ArtifactKind;.<clinit>()V> (0x000000008a1fbaf0) 
thrown [s\src\hotspot\share\prims\jni.cpp, line 1108]
Event: 27.367 Thread 0x00000156a4ccadb0 Exception <a 'java/lang/NoSuchMethodError'{0x000000008967d568}: 'int java.lang.invoke.DirectMethodHandle$Holder.invokeSpecial(java.lang.Object, java.lang.Object, java.lang.Object, java.lang.Object, java.lang.Object)'> (0x000000008967d568) 
thrown [s\src\hotspot\share\interpreter\linkResolver.cpp, line 771]
Event: 27.450 Thread 0x00000156a4ccadb0 Exception <a 'java/lang/NoSuchMethodError'{0x00000000893811c8}: static Ljava/lang/Object;.<clinit>()V> (0x00000000893811c8) 
thrown [s\src\hotspot\share\prims\jni.cpp, line 1108]

VM Operations (20 events):
Event: 26.467 Executing VM operation: HandshakeAllThreads done
Event: 26.469 Executing VM operation: HandshakeAllThreads
Event: 26.469 Executing VM operation: HandshakeAllThreads done
Event: 26.721 Executing VM operation: G1CollectForAllocation
Event: 26.743 Executing VM operation: G1CollectForAllocation done
Event: 26.807 Executing VM operation: G1CollectForAllocation
Event: 26.822 Executing VM operation: G1CollectForAllocation done
Event: 27.269 Executing VM operation: ICBufferFull
Event: 27.269 Executing VM operation: ICBufferFull done
Event: 27.312 Executing VM operation: HandshakeAllThreads
Event: 27.312 Executing VM operation: HandshakeAllThreads done
Event: 27.365 Executing VM operation: HandshakeAllThreads
Event: 27.365 Executing VM operation: HandshakeAllThreads done
Event: 27.366 Executing VM operation: HandshakeAllThreads
Event: 27.366 Executing VM operation: HandshakeAllThreads done
Event: 27.373 Executing VM operation: HandshakeAllThreads
Event: 27.374 Executing VM operation: HandshakeAllThreads done
Event: 27.589 Executing VM operation: ICBufferFull
Event: 27.589 Executing VM operation: ICBufferFull done
Event: 27.912 Executing VM operation: G1CollectForAllocation

Events (20 events):
Event: 25.676 loading class java/util/Comparators$NaturalOrderComparator done
Event: 25.676 loading class java/util/stream/SortedOps$SizedRefSortingSink
Event: 25.677 loading class java/util/stream/SortedOps$SizedRefSortingSink done
Event: 26.426 loading class java/util/concurrent/ConcurrentSkipListMap$KeySet
Event: 26.430 loading class java/util/concurrent/ConcurrentSkipListMap$KeySet done
Event: 26.430 loading class java/util/concurrent/ConcurrentSkipListMap$KeyIterator
Event: 26.431 loading class java/util/concurrent/ConcurrentSkipListMap$KeyIterator done
Event: 27.613 loading class java/util/LinkedList$LLSpliterator
Event: 27.615 loading class java/util/LinkedList$LLSpliterator done
Event: 27.656 loading class java/util/AbstractMap$2
Event: 27.657 loading class java/util/AbstractMap$2 done
Event: 27.706 Thread 0x00000156a9560590 Thread added: 0x00000156a9560590
Event: 27.766 loading class java/util/PrimitiveIterator$OfInt
Event: 27.766 loading class java/util/PrimitiveIterator
Event: 27.768 loading class java/util/PrimitiveIterator done
Event: 27.768 loading class java/util/PrimitiveIterator$OfInt done
Event: 27.815 Thread 0x00000156a955ed80 Thread added: 0x00000156a955ed80
Event: 27.815 Thread 0x00000156a955f250 Thread added: 0x00000156a955f250
Event: 27.815 Thread 0x00000156a955fbf0 Thread added: 0x00000156a955fbf0
Event: 27.815 Thread 0x00000156a95600c0 Thread added: 0x00000156a95600c0


Dynamic libraries:
0x00007ff7d5d90000 - 0x00007ff7d5d9a000 	C:\Program Files\Android\Android Studio\jbr\bin\java.exe
0x00007ffe18b10000 - 0x00007ffe18d08000 	C:\WINDOWS\SYSTEM32\ntdll.dll
0x00007ffe178a0000 - 0x00007ffe1795f000 	C:\WINDOWS\System32\KERNEL32.DLL
0x00007ffe16350000 - 0x00007ffe16646000 	C:\WINDOWS\System32\KERNELBASE.dll
0x00007ffe169c0000 - 0x00007ffe16ac0000 	C:\WINDOWS\System32\ucrtbase.dll
0x00007ffe0c560000 - 0x00007ffe0c577000 	C:\Program Files\Android\Android Studio\jbr\bin\jli.dll
0x00007ffe181b0000 - 0x00007ffe1834d000 	C:\WINDOWS\System32\USER32.dll
0x00007ffe161f0000 - 0x00007ffe16212000 	C:\WINDOWS\System32\win32u.dll
0x00007ffe17700000 - 0x00007ffe1772c000 	C:\WINDOWS\System32\GDI32.dll
0x00007ffe16650000 - 0x00007ffe16765000 	C:\WINDOWS\System32\gdi32full.dll
0x00007ffe162b0000 - 0x00007ffe1634d000 	C:\WINDOWS\System32\msvcp_win.dll
0x00007ffe134f0000 - 0x00007ffe1350b000 	C:\Program Files\Android\Android Studio\jbr\bin\VCRUNTIME140.dll
0x00007ffe02aa0000 - 0x00007ffe02d3a000 	C:\WINDOWS\WinSxS\amd64_microsoft.windows.common-controls_6595b64144ccf1df_6.0.19041.1110_none_60b5254171f9507e\COMCTL32.dll
0x00007ffe18510000 - 0x00007ffe185ae000 	C:\WINDOWS\System32\msvcrt.dll
0x00007ffe16e50000 - 0x00007ffe16e80000 	C:\WINDOWS\System32\IMM32.DLL
0x00007ffe13620000 - 0x00007ffe1362c000 	C:\Program Files\Android\Android Studio\jbr\bin\vcruntime140_1.dll
0x00007ffe12f60000 - 0x00007ffe12fed000 	C:\Program Files\Android\Android Studio\jbr\bin\msvcp140.dll
0x00007ffddcaa0000 - 0x00007ffddd70e000 	C:\Program Files\Android\Android Studio\jbr\bin\server\jvm.dll
0x00007ffe16e80000 - 0x00007ffe16f2f000 	C:\WINDOWS\System32\ADVAPI32.dll
0x00007ffe18470000 - 0x00007ffe1850c000 	C:\WINDOWS\System32\sechost.dll
0x00007ffe17aa0000 - 0x00007ffe17bc6000 	C:\WINDOWS\System32\RPCRT4.dll
0x00007ffe04dc0000 - 0x00007ffe04de7000 	C:\WINDOWS\SYSTEM32\WINMM.dll
0x00007ffe10440000 - 0x00007ffe1044a000 	C:\WINDOWS\SYSTEM32\VERSION.dll
0x00007ffe13640000 - 0x00007ffe13649000 	C:\WINDOWS\SYSTEM32\WSOCK32.dll
0x00007ffe17960000 - 0x00007ffe179cb000 	C:\WINDOWS\System32\WS2_32.dll
0x00007ffe14a40000 - 0x00007ffe14a52000 	C:\WINDOWS\SYSTEM32\kernel.appcore.dll
0x00007ffe11ad0000 - 0x00007ffe11ada000 	C:\Program Files\Android\Android Studio\jbr\bin\jimage.dll
0x00007ffe04b40000 - 0x00007ffe04d24000 	C:\WINDOWS\SYSTEM32\DBGHELP.DLL
0x00007ffe04a10000 - 0x00007ffe04a44000 	C:\WINDOWS\SYSTEM32\dbgcore.DLL
0x00007ffe16220000 - 0x00007ffe162a2000 	C:\WINDOWS\System32\bcryptPrimitives.dll
0x00007ffe0e810000 - 0x00007ffe0e835000 	C:\Program Files\Android\Android Studio\jbr\bin\java.dll
0x00007ffe0db60000 - 0x00007ffe0db78000 	C:\Program Files\Android\Android Studio\jbr\bin\zip.dll
0x00007ffe16f30000 - 0x00007ffe17674000 	C:\WINDOWS\System32\SHELL32.dll
0x00007ffe14290000 - 0x00007ffe14a23000 	C:\WINDOWS\SYSTEM32\windows.storage.dll
0x00007ffe17e50000 - 0x00007ffe181a4000 	C:\WINDOWS\System32\combase.dll
0x00007ffe15bc0000 - 0x00007ffe15bee000 	C:\WINDOWS\SYSTEM32\Wldp.dll
0x00007ffe16da0000 - 0x00007ffe16e4d000 	C:\WINDOWS\System32\SHCORE.dll
0x00007ffe176a0000 - 0x00007ffe176f5000 	C:\WINDOWS\System32\shlwapi.dll
0x00007ffe16120000 - 0x00007ffe16145000 	C:\WINDOWS\SYSTEM32\profapi.dll
0x00007ffe0d760000 - 0x00007ffe0d779000 	C:\Program Files\Android\Android Studio\jbr\bin\net.dll
0x00007ffe0d650000 - 0x00007ffe0d75a000 	C:\WINDOWS\SYSTEM32\WINHTTP.dll
0x00007ffe158c0000 - 0x00007ffe1592a000 	C:\WINDOWS\system32\mswsock.dll
0x00007ffe0c7f0000 - 0x00007ffe0c806000 	C:\Program Files\Android\Android Studio\jbr\bin\nio.dll
0x00007ffe11a10000 - 0x00007ffe11a20000 	C:\Program Files\Android\Android Studio\jbr\bin\verify.dll
0x00007ffded940000 - 0x00007ffded967000 	C:\Users\user\.gradle\native\68d5fa5c4cc2d200863cafc0d521ce42e7d3e7ee720ec0a83991735586a16f82\windows-amd64\native-platform.dll
0x00007ffde25e0000 - 0x00007ffde2724000 	C:\Users\user\.gradle\native\e376f236ea51e6404a007f0833ffe2c6e607c4080706a723a18a27aeea778392\windows-amd64\native-platform-file-events.dll
0x00007ffe119a0000 - 0x00007ffe119a9000 	C:\Program Files\Android\Android Studio\jbr\bin\management.dll
0x00007ffe0e760000 - 0x00007ffe0e76b000 	C:\Program Files\Android\Android Studio\jbr\bin\management_ext.dll
0x00007ffe16d90000 - 0x00007ffe16d98000 	C:\WINDOWS\System32\PSAPI.DLL
0x00007ffe15ab0000 - 0x00007ffe15ac8000 	C:\WINDOWS\SYSTEM32\CRYPTSP.dll
0x00007ffe151d0000 - 0x00007ffe15204000 	C:\WINDOWS\system32\rsaenh.dll
0x00007ffe16990000 - 0x00007ffe169b7000 	C:\WINDOWS\System32\bcrypt.dll
0x00007ffe160e0000 - 0x00007ffe1610e000 	C:\WINDOWS\SYSTEM32\USERENV.dll
0x00007ffe15ad0000 - 0x00007ffe15adc000 	C:\WINDOWS\SYSTEM32\CRYPTBASE.dll
0x00007ffe155b0000 - 0x00007ffe155eb000 	C:\WINDOWS\SYSTEM32\IPHLPAPI.DLL
0x00007ffe16d80000 - 0x00007ffe16d88000 	C:\WINDOWS\System32\NSI.dll
0x00007ffe0deb0000 - 0x00007ffe0dec7000 	C:\WINDOWS\SYSTEM32\dhcpcsvc6.DLL
0x00007ffe0ec40000 - 0x00007ffe0ec5d000 	C:\WINDOWS\SYSTEM32\dhcpcsvc.DLL
0x00007ffe155f0000 - 0x00007ffe156ba000 	C:\WINDOWS\SYSTEM32\DNSAPI.dll
0x00007ffe0e6d0000 - 0x00007ffe0e6d7000 	C:\WINDOWS\system32\wshunix.dll

dbghelp: loaded successfully - version: 4.0.5 - missing functions: none
symbol engine: initialized successfully - sym options: 0x614 - pdb path: .;C:\Program Files\Android\Android Studio\jbr\bin;C:\WINDOWS\SYSTEM32;C:\WINDOWS\WinSxS\amd64_microsoft.windows.common-controls_6595b64144ccf1df_6.0.19041.1110_none_60b5254171f9507e;C:\Program Files\Android\Android Studio\jbr\bin\server;C:\Users\user\.gradle\native\68d5fa5c4cc2d200863cafc0d521ce42e7d3e7ee720ec0a83991735586a16f82\windows-amd64;C:\Users\user\.gradle\native\e376f236ea51e6404a007f0833ffe2c6e607c4080706a723a18a27aeea778392\windows-amd64

VM Arguments:
jvm_args: --add-opens=java.base/java.util=ALL-UNNAMED --add-opens=java.base/java.lang=ALL-UNNAMED --add-opens=java.base/java.lang.invoke=ALL-UNNAMED --add-opens=java.prefs/java.util.prefs=ALL-UNNAMED --add-opens=java.base/java.nio.charset=ALL-UNNAMED --add-opens=java.base/java.net=ALL-UNNAMED --add-opens=java.base/java.util.concurrent.atomic=ALL-UNNAMED -Xmx2048m -Dfile.encoding=UTF-8 -Duser.country=KR -Duser.language=ko -Duser.variant 
java_command: org.gradle.launcher.daemon.bootstrap.GradleDaemon 8.0
java_class_path (initial): C:\Users\user\.gradle\wrapper\dists\gradle-8.0-bin\ca5e32bp14vu59qr306oxotwh\gradle-8.0\lib\gradle-launcher-8.0.jar
Launcher Type: SUN_STANDARD

[Global flags]
     intx CICompilerCount                          = 3                                         {product} {ergonomic}
     uint ConcGCThreads                            = 1                                         {product} {ergonomic}
     uint G1ConcRefinementThreads                  = 4                                         {product} {ergonomic}
   size_t G1HeapRegionSize                         = 1048576                                   {product} {ergonomic}
    uintx GCDrainStackTargetSize                   = 64                                        {product} {ergonomic}
   size_t InitialHeapSize                          = 67108864                                  {product} {ergonomic}
   size_t MarkStackSize                            = 4194304                                   {product} {ergonomic}
   size_t MaxHeapSize                              = 2147483648                                {product} {command line}
   size_t MaxNewSize                               = 1287651328                                {product} {ergonomic}
   size_t MinHeapDeltaBytes                        = 1048576                                   {product} {ergonomic}
   size_t MinHeapSize                              = 8388608                                   {product} {ergonomic}
    uintx NonNMethodCodeHeapSize                   = 5832780                                {pd product} {ergonomic}
    uintx NonProfiledCodeHeapSize                  = 122912730                              {pd product} {ergonomic}
    uintx ProfiledCodeHeapSize                     = 122912730                              {pd product} {ergonomic}
    uintx ReservedCodeCacheSize                    = 251658240                              {pd product} {ergonomic}
     bool SegmentedCodeCache                       = true                                      {product} {ergonomic}
   size_t SoftMaxHeapSize                          = 2147483648                             {manageable} {ergonomic}
     bool UseCompressedClassPointers               = true                           {product lp64_product} {ergonomic}
     bool UseCompressedOops                        = true                           {product lp64_product} {ergonomic}
     bool UseG1GC                                  = true                                      {product} {ergonomic}
     bool UseLargePagesIndividualAllocation        = false                                  {pd product} {ergonomic}

Logging:
Log output configuration:
 #0: stdout all=warning uptime,level,tags
 #1: stderr all=off uptime,level,tags

Environment Variables:
PATH=C:\Program Files (x86)\Common Files\Oracle\Java\javapath;C:\oraclexe\app\oracle\product\11.2.0\server\bin;C:\ProgramData\Oracle\Java\javapath;C:\WINDOWS\system32;C:\WINDOWS;C:\WINDOWS\System32\Wbem;c:\Program Files (x86)\Microsoft SQL Server\100\Tools\Binn\;c:\Program Files\Microsoft SQL Server\100\Tools\Binn\;c:\Program Files\Microsoft SQL Server\100\DTS\Binn\;C:\Users\user\.dnx\bin;C:\Program Files\Microsoft DNX\Dnvm\;C:\Program Files (x86)\Windows Kits\8.1\Windows Performance Toolkit\;C:\Program Files\Microsoft SQL Server\130\Tools\Binn\;C:\Program Files (x86)\nodejs\;C:\Program Files\Git\cmd;C:\WINDOWS\System32\WindowsPowerShell\v1.0\;C:\WINDOWS\System32\OpenSSH\;C:\Program Files\PuTTY\;C:\Users\user\AppData\Local\Programs\Python\Python39\Scripts\;C:\Users\user\AppData\Local\Programs\Python\Python39\;C:\Program Files\MySQL\MySQL Shell 8.0\bin\;C:\Users\user\AppData\Local\Microsoft\WindowsApps;C:\Users\user\AppData\Roaming\npm;C:\Users\user\AppData\Local\Programs\Microsoft VS Code\bin;C:\Users\user\AppData\Local\GitHubDesktop\bin;C:\Program Files (x86)\ESTsoft\ALSee\x64
USERNAME=user
TMPDIR=C:\Users\Public\Documents\ESTsoft\CreatorTemp
OS=Windows_NT
PROCESSOR_IDENTIFIER=Intel64 Family 6 Model 94 Stepping 3, GenuineIntel
TMP=C:\Users\user\AppData\Local\Temp
TEMP=C:\Users\user\AppData\Local\Temp


JNI global refs:
JNI global refs: 25, weak refs: 15

JNI global refs memory usage: 843, weak refs: 841


---------------  S Y S T E M  ---------------

OS:
 Windows 10 , 64 bit Build 19041 (10.0.19041.3155)
OS uptime: 1 days 0:38 hours

CPU: total 4 (initial active 4) (4 cores per cpu, 1 threads per core) family 6 model 94 stepping 3 microcode 0xcc, cx8, cmov, fxsr, mmx, 3dnowpref, sse, sse2, sse3, ssse3, sse4.1, sse4.2, popcnt, lzcnt, tsc, tscinvbit, avx, avx2, aes, erms, clmul, bmi1, bmi2, adx, fma, vzeroupper, clflush, clflushopt

Memory: 4k page, system-wide physical 3971M (41M free)
TotalPageFile size 16259M (AvailPageFile size 5M)
current process WorkingSet (physical memory assigned to process): 197M, peak: 259M
current process commit charge ("private bytes"): 432M, peak: 630M

vm_info: OpenJDK 64-Bit Server VM (17.0.6+0-b2043.56-10027231) for windows-amd64 JRE (17.0.6+0-b2043.56-10027231), built on Apr 28 2023 00:43:19 by "androidbuild" with MS VC++ 16.10 / 16.11 (VS2019)

END.
